<?xml version="1.0" encoding="UTF-8"?>
<!-- Generated by org.testng.reporters.JUnitXMLReporter -->
<testsuite ignored="0" hostname="akilan-18633-gf" failures="0" tests="3" name="Test" time="0.15" errors="0" timestamp="2023-11-03T14:09:21 IST">
  <testcase classname="sampleautomation.TestAssert" name="testCasetwo" time="0.023"/>
  <testcase classname="sampleautomation.TestAssert" name="testCasetwo1" time="0.005"/>
  <testcase classname="sampleautomation.TestAssert" name="testCasetwo32" time="0.005"/>
</testsuite> <!-- Test -->
