<?xml version="1.0" encoding="UTF-8"?>
<!-- Generated by org.testng.reporters.JUnitXMLReporter -->
<testsuite ignored="0" hostname="akilan-18633-gf" failures="0" tests="3" name="Test12" time="0.025" errors="0" timestamp="2023-11-03T14:09:21 IST">
  <testcase classname="sampleautomation.TestHard" name="testCasetwo190" time="0.004"/>
  <testcase classname="sampleautomation.TestHard" name="testCasetwo3289" time="0.002"/>
  <testcase classname="sampleautomation.TestHard" name="testCasetwo456" time="0.003"/>
</testsuite> <!-- Test12 -->
