<?xml version="1.0" encoding="UTF-8"?>
<testng-results ignored="0" total="1" passed="1" failed="0" skipped="0">
  <reporter-output>
  </reporter-output>
  <suite started-at="2023-11-03T15:12:02 IST" name="Default suite" finished-at="2023-11-03T15:12:12 IST" duration-ms="9498">
    <groups>
    </groups>
    <test started-at="2023-11-03T15:12:02 IST" name="Default test" finished-at="2023-11-03T15:12:12 IST" duration-ms="9498">
      <class name="sampleautomation.TestClass">
        <test-method signature="testSetUp()[pri:0, instance:sampleautomation.TestClass@4c1909a3]" started-at="2023-11-03T15:12:02 IST" name="testSetUp" finished-at="2023-11-03T15:12:12 IST" duration-ms="9394" status="PASS">
          <reporter-output>
          </reporter-output>
        </test-method> <!-- testSetUp -->
      </class> <!-- sampleautomation.TestClass -->
    </test> <!-- Default test -->
  </suite> <!-- Default suite -->
</testng-results>
